
> coreflow360@0.1.0 build
> npx prisma generate && next build

warn The configuration property `package.json#prisma` is deprecated and will be removed in Prisma 7. Please migrate to a Prisma config file (e.g., `prisma.config.ts`).
For more information, see: https://pris.ly/prisma-config

Environment variables loaded from .env
Prisma schema loaded from prisma/schema.prisma

✔ Generated Prisma Client (v6.13.0) to ./node_modules/@prisma/client in 139ms

Start by importing your Prisma Client (See: https://pris.ly/d/importing-client)

Tip: Need your database queries to be 1000x faster? Accelerate offers you that and more: https://pris.ly/tip-2-accelerate

   ▲ Next.js 15.4.5
   - Environments: .env.local, .env.production, .env
   - Experiments (use with caution):
     · serverActions

   Creating an optimized production build ...
 ✓ Compiled successfully in 9.0s
   Skipping validation of types
   Skipping linting
   Collecting page data ...
   Generating static pages (0/20) ...
   Generating static pages (5/20) 
   Generating static pages (10/20) 
   Generating static pages (15/20) 
 ✓ Generating static pages (20/20)
   Finalizing page optimization ...
   Collecting build traces ...

Route (app)                                 Size  First Load JS
┌ ○ /                                    4.52 kB         156 kB
├ ○ /_not-found                            142 B        99.6 kB
├ ○ /about                               8.96 kB         157 kB
├ ƒ /api/auth/[...nextauth]                142 B        99.6 kB
├ ƒ /api/auth/register                     142 B        99.6 kB
├ ƒ /api/customers                         142 B        99.6 kB
├ ƒ /api/customers/[id]                    142 B        99.6 kB
├ ƒ /api/health                            142 B        99.6 kB
├ ƒ /api/test                              142 B        99.6 kB
├ ƒ /api/test-env                          142 B        99.6 kB
├ ○ /auth/signin                          3.1 kB         106 kB
├ ○ /auth/signup                         1.65 kB         104 kB
├ ○ /contact                               10 kB         158 kB
├ ○ /dashboard                            1.7 kB         118 kB
├ ○ /dashboard/customers                 3.29 kB         120 kB
├ ○ /demo                                7.27 kB         155 kB
├ ○ /features                             5.7 kB         157 kB
├ ○ /pricing                             9.11 kB         157 kB
└ ○ /test                                  142 B        99.6 kB
+ First Load JS shared by all            99.4 kB
  ├ chunks/4bd1b696-2385f465b218746f.js  54.1 kB
  ├ chunks/964-f06ccb1d60ddb80d.js       43.4 kB
  └ other shared chunks (total)          1.87 kB


ƒ Middleware                             43.5 kB

○  (Static)   prerendered as static content
ƒ  (Dynamic)  server-rendered on demand

