================================================================================
CoreFlow360 - Twenty CRM Primary Integration
AI-First Multi-Industry ERP Platform
Started: 2025-08-07 10:30:09
================================================================================
[2025-08-07 10:30:09] [HEADER] Starting Twenty CRM Primary Integration
[2025-08-07 10:30:09] [INFO] Strategy: Twenty as Primary CRM Foundation
[2025-08-07 10:30:09] [INFO] Project Path: C:\Users\ernij\OneDrive\Documents\Cursor\coreflow360
[2025-08-07 10:30:09] [HEADER] === PHASE 1: PRE-INSTALLATION CHECKS ===
[2025-08-07 10:30:09] [INFO] Running pre-installation checks...
[2025-08-07 10:30:09] [SUCCESS] Check passed: Project Directory
[2025-08-07 10:30:09] [SUCCESS] Check passed: Git Repository
[2025-08-07 10:30:09] [SUCCESS] Check passed: Node.js Version
[2025-08-07 10:30:10] [SUCCESS] Check passed: NPM Available
[2025-08-07 10:30:10] [ERROR] Check failed: Docker Desktop
[2025-08-07 10:30:10] [ERROR] Check failed: Docker Compose
[2025-08-07 10:30:10] [ERROR] Check failed: PostgreSQL Client
[2025-08-07 10:30:11] [SUCCESS] Check passed: Disk Space (5GB)
[2025-08-07 10:30:11] [ERROR] Check failed: Port 3001 Available
[2025-08-07 10:30:11] [SUCCESS] Check passed: Port 3002 Available
[2025-08-07 10:30:11] [INFO] 
System Information:
[2025-08-07 10:30:11] [INFO]   OS: Microsoft Windows NT 10.0.26100.0
[2025-08-07 10:30:11] [INFO]   PowerShell: 5.1.26100.4061
[2025-08-07 10:30:11] [ERROR] 
Pre-installation checks failed:
[2025-08-07 10:30:11] [ERROR]   - Docker Desktop
[2025-08-07 10:30:11] [ERROR]   - Docker Compose
[2025-08-07 10:30:11] [ERROR]   - PostgreSQL Client
[2025-08-07 10:30:11] [ERROR]   - Port 3001 Available
[2025-08-07 10:30:11] [ERROR] CRITICAL ERROR: Pre-installation checks failed. Use -Force to continue anyway.
[2025-08-07 10:30:11] [ERROR] Stack Trace: at Invoke-PreInstallationChecks, <No file>: line 104
at Start-TwentyIntegration, <No file>: line 12
at <ScriptBlock>, <No file>: line 2
